==============================================================================

                  ------ MOMENTUM STATISTICS (MW mode) ------

              Momentum MomEngine_64 2020.00.283 (*) built: Jul 17 2019
                           Mon Nov 27 16:49:18 2023

==============================================================================


------------------------------------------------------------------------------
MESH
------------------------------------------------------------------------------
 Frequency          : 1.23 GHz

 Rectangular cells  : 8
 Quadrangular cells : 121
 Triangular cells   : 30
 Via cells          : 0

 Edge currents      : 268

------------------------------------------------------------------------------
SOLVER                        USER TIME      ELAPSED TIME      MEMORY         
PROCESSES                      (h:m:s)          (h:m:s)         (MB)          
------------------------------------------------------------------------------

SIMULATION SET-UP
-----------------
 Initialization           |     0: 0: 0   |     0: 0: 0   |     34.23   
 Ports analysis           |     0: 0: 0   |     0: 0: 0   |      0.04   
 Mesh processing          |     0: 0: 0   |     0: 0: 0   |     34.39   

 Matrix size : 1180
 Reduced matrix size : 685
 Estimated process size is below 256.00 MB

 Simulation temperature : 298.15 K

1. SIMULATION FREQUENCY = 1.03 GHz 
-------------------------
 Green functions          |     0: 0: 0   |     0: 0: 0   |      0.61   
 Basis creation           |     0: 0: 0   |     0: 0: 0   |     19.14   
 Matrix load              |     0: 0:12   |     0: 0: 2   |     30.13   
 Matrix solve             |     0: 0: 0   |     0: 0: 0   |      0.00   
 S parameters             |     0: 0: 0   |     0: 0: 0   |      0.00   

2. SIMULATION FREQUENCY = 1.23 GHz 
-------------------------
 Green functions          |     0: 0: 0   |     0: 0: 1   |      0.00   
 Matrix load              |     0: 0:14   |     0: 0: 2   |      6.48   
 Matrix solve             |     0: 0: 0   |     0: 0: 0   |      0.00   
 S parameters             |     0: 0: 0   |     0: 0: 0   |      0.00   
 Adaptive sampling        |     0: 0: 0   |     0: 0: 0   |      0.00   

3. SIMULATION FREQUENCY = 1.16333 GHz 
-------------------------
 Green functions          |     0: 0: 0   |     0: 0: 0   |      0.00   
 Matrix load              |     0: 0:26   |     0: 0: 5   |      0.21   
 Matrix solve             |     0: 0: 0   |     0: 0: 0   |      0.00   
 S parameters             |     0: 0: 0   |     0: 0: 0   |      0.00   
 Adaptive sampling        |     0: 0: 0   |     0: 0: 0   |      0.00   

4. SIMULATION FREQUENCY = 1.09667 GHz 
-------------------------
 Green functions          |     0: 0: 0   |     0: 0: 0   |      0.00   
 Matrix load              |     0: 0:25   |     0: 0: 4   |      0.91   
 Matrix solve             |     0: 0: 0   |     0: 0: 0   |      0.00   
 S parameters             |     0: 0: 0   |     0: 0: 0   |      0.00   
 Adaptive sampling        |     0: 0: 0   |     0: 0: 0   |      0.00   

------------------------------------------------------------------------------
TOTALS
------------------------------------------------------------------------------
 Nr of Frequencies   : 4 

 Physical memory :   126.13 MB
 Virtual memory  :   144.25 MB
 Page faults     :       48484
 User Time       :    0h 1m17s
 Elapsed Time    :    0h 0m14s

==============================================================================

